# JRE version: Java(TM) SE Runtime Environment (20.0.2+9) (build 20.0.2+9-78)
# Java VM: Java HotSpot(TM) 64-Bit Server VM (20.0.2+9-78, mixed mode, sharing, tiered, compressed oops, compressed class ptrs, g1 gc, windows-amd64)
GC Precious Log:
 CardTable entry size: 512
 Card Set container configuration: InlinePtr #cards 5 size 8 Array Of Cards #cards 12 size 40 Howl #buckets 4 coarsen threshold 1843 Howl Bitmap #cards 512 size 80 coarsen threshold 460 Card regions per heap region 1 cards per card region 2048
 CPUs: 8 total, 8 available
 Memory: 7589M
 Large Page Support: Disabled
 NUMA Support: Disabled
 Compressed Oops: Enabled (32-bit)
 Heap Region Size: 1M
 Heap Min Capacity: 8M
 Heap Initial Capacity: 120M
 Heap Max Capacity: 1898M
 Pre-touch: Disabled
 Parallel Workers: 8
 Concurrent Workers: 2
 Concurrent Refinement Workers: 8
 Periodic GC: Disabled
Heap:
 garbage-first heap   total 89088K, used 48638K [0x0000000089600000, 0x0000000100000000)
  region size 1024K, 30 young (30720K), 8 survivors (8192K)
 Metaspace       used 25946K, committed 26304K, reserved 1114112K
  class space    used 2899K, committed 3072K, reserved 1048576K
GC Heap History (10 events):
Event: 4.819 GC heap before
{Heap before GC invocations=0 (full 0):
 garbage-first heap   total 122880K, used 22528K [0x0000000089600000, 0x0000000100000000)
  region size 1024K, 23 young (23552K), 0 survivors (0K)
 Metaspace       used 6000K, committed 6144K, reserved 1114112K
  class space    used 684K, committed 768K, reserved 1048576K
}
Event: 4.841 GC heap after
{Heap after GC invocations=1 (full 0):
 garbage-first heap   total 122880K, used 3887K [0x0000000089600000, 0x0000000100000000)
  region size 1024K, 3 young (3072K), 3 survivors (3072K)
 Metaspace       used 6000K, committed 6144K, reserved 1114112K
  class space    used 684K, committed 768K, reserved 1048576K
}
Event: 7.985 GC heap before
{Heap before GC invocations=1 (full 0):
 garbage-first heap   total 122880K, used 32559K [0x0000000089600000, 0x0000000100000000)
  region size 1024K, 31 young (31744K), 3 survivors (3072K)
 Metaspace       used 9905K, committed 10048K, reserved 1114112K
  class space    used 1156K, committed 1216K, reserved 1048576K
}
Event: 8.006 GC heap after
{Heap after GC invocations=2 (full 0):
 garbage-first heap   total 122880K, used 5409K [0x0000000089600000, 0x0000000100000000)
  region size 1024K, 2 young (2048K), 2 survivors (2048K)
 Metaspace       used 9905K, committed 10048K, reserved 1114112K
  class space    used 1156K, committed 1216K, reserved 1048576K
}
Event: 14.556 GC heap before
{Heap before GC invocations=2 (full 0):
 garbage-first heap   total 122880K, used 77089K [0x0000000089600000, 0x0000000100000000)
  region size 1024K, 72 young (73728K), 2 survivors (2048K)
 Metaspace       used 16116K, committed 16448K, reserved 1114112K
  class space    used 1830K, committed 1984K, reserved 1048576K
}
Event: 14.607 GC heap after
{Heap after GC invocations=3 (full 0):
 garbage-first heap   total 122880K, used 13265K [0x0000000089600000, 0x0000000100000000)
  region size 1024K, 9 young (9216K), 9 survivors (9216K)
 Metaspace       used 16116K, committed 16448K, reserved 1114112K
  class space    used 1830K, committed 1984K, reserved 1048576K
}
Event: 19.339 GC heap before
{Heap before GC invocations=3 (full 0):
 garbage-first heap   total 122880K, used 78801K [0x0000000089600000, 0x0000000100000000)
  region size 1024K, 72 young (73728K), 9 survivors (9216K)
 Metaspace       used 19983K, committed 20352K, reserved 1114112K
  class space    used 2210K, committed 2368K, reserved 1048576K
}
Event: 19.400 GC heap after
{Heap after GC invocations=4 (full 0):
 garbage-first heap   total 122880K, used 16894K [0x0000000089600000, 0x0000000100000000)
  region size 1024K, 4 young (4096K), 4 survivors (4096K)
 Metaspace       used 19983K, committed 20352K, reserved 1114112K
  class space    used 2210K, committed 2368K, reserved 1048576K
}
Event: 20.020 GC heap before
{Heap before GC invocations=4 (full 0):
 garbage-first heap   total 122880K, used 34302K [0x0000000089600000, 0x0000000100000000)
  region size 1024K, 18 young (18432K), 4 survivors (4096K)
 Metaspace       used 21197K, committed 21504K, reserved 1114112K
  class space    used 2394K, committed 2560K, reserved 1048576K
}
Event: 20.049 GC heap after
{Heap after GC invocations=5 (full 0):
 garbage-first heap   total 122880K, used 25086K [0x0000000089600000, 0x0000000100000000)
  region size 1024K, 8 young (8192K), 8 survivors (8192K)
 Metaspace       used 21197K, committed 21504K, reserved 1114112K
  class space    used 2394K, committed 2560K, reserved 1048576K
}

